2025-03-26 21:23:47,699 - ERROR - Error Details: {'error_type': 'TypeError', 'error_message': "SystemAutomation.run_shell_command() missing 1 required positional argument: 'command'", 'traceback': 'Traceback (most recent call last):\n  File "C:\\Users\\tanis\\my_folder\\algoroot\\api\\routes.py", line 49, in execute_function\n    result = function(**request.params) if request.params else function()\n                                                               ^^^^^^^^^^\nTypeError: SystemAutomation.run_shell_command() missing 1 required positional argument: \'command\'\n', 'context': {'function': 'run_shell_command', 'prompt': 'terminal'}}
2025-03-26 21:23:47,699 - ERROR - Error Details: {'error_type': 'HTTPException', 'error_message': "500: SystemAutomation.run_shell_command() missing 1 required positional argument: 'command'", 'traceback': 'Traceback (most recent call last):\n  File "C:\\Users\\tanis\\my_folder\\algoroot\\api\\routes.py", line 49, in execute_function\n    result = function(**request.params) if request.params else function()\n                                                               ^^^^^^^^^^\nTypeError: SystemAutomation.run_shell_command() missing 1 required positional argument: \'command\'\n\nDuring handling of the above exception, another exception occurred:\n\nTraceback (most recent call last):\n  File "C:\\Users\\tanis\\my_folder\\algoroot\\api\\routes.py", line 73, in execute_function\n    raise HTTPException(status_code=500, detail=str(e))\nfastapi.exceptions.HTTPException: 500: SystemAutomation.run_shell_command() missing 1 required positional argument: \'command\'\n'}
2025-03-26 21:24:26,893 - ERROR - Error Details: {'error_type': 'TypeError', 'error_message': "SystemAutomation.run_shell_command() missing 1 required positional argument: 'command'", 'traceback': 'Traceback (most recent call last):\n  File "C:\\Users\\tanis\\my_folder\\algoroot\\api\\routes.py", line 49, in execute_function\n    result = function(**request.params) if request.params else function()\n                                                               ^^^^^^^^^^\nTypeError: SystemAutomation.run_shell_command() missing 1 required positional argument: \'command\'\n', 'context': {'function': 'run_shell_command', 'prompt': 'shell'}}
2025-03-26 21:24:26,899 - ERROR - Error Details: {'error_type': 'HTTPException', 'error_message': "500: SystemAutomation.run_shell_command() missing 1 required positional argument: 'command'", 'traceback': 'Traceback (most recent call last):\n  File "C:\\Users\\tanis\\my_folder\\algoroot\\api\\routes.py", line 49, in execute_function\n    result = function(**request.params) if request.params else function()\n                                                               ^^^^^^^^^^\nTypeError: SystemAutomation.run_shell_command() missing 1 required positional argument: \'command\'\n\nDuring handling of the above exception, another exception occurred:\n\nTraceback (most recent call last):\n  File "C:\\Users\\tanis\\my_folder\\algoroot\\api\\routes.py", line 73, in execute_function\n    raise HTTPException(status_code=500, detail=str(e))\nfastapi.exceptions.HTTPException: 500: SystemAutomation.run_shell_command() missing 1 required positional argument: \'command\'\n'}
